<?xml version="1.0" encoding="UTF-8"?>
<!-- Generated by org.testng.reporters.JUnitReportReporter -->
<testsuite hostname="MKHATRE-IN" failures="0" tests="2" name="rest.FirstRest" time="4.339" errors="0" timestamp="20 May 2019 17:34:10 GMT" skipped="0">
  <testcase classname="rest.FirstRest" name="GetWeatherDetails" time="3.555"/>
  <testcase classname="rest.FirstRest" name="GetWeatherDetailsInvalidCity" time="0.784"/>
</testsuite> <!-- rest.FirstRest -->
